<?xml version="1.0" encoding="UTF-8"?>
<testsuite name="br.pucpr.authserver.roles.controller.requests.CreateRoleRequestTest" tests="1" skipped="0" failures="0" errors="0" timestamp="2024-02-21T03:44:03" hostname="Giovannes-Mac-mini-M2.local" time="0.0">
  <properties/>
  <testcase name="toRole creates a new role based on the request()" classname="br.pucpr.authserver.roles.controller.requests.CreateRoleRequestTest" time="0.0"/>
  <system-out><![CDATA[]]></system-out>
  <system-err><![CDATA[]]></system-err>
</testsuite>
