<?xml version="1.0" encoding="UTF-8"?>
<testsuite name="br.pucpr.authserver.users.controller.requests.CreateUserRequestTest" tests="1" skipped="0" failures="0" errors="0" timestamp="2024-02-21T03:44:04" hostname="Giovannes-Mac-mini-M2.local" time="0.0">
  <properties/>
  <testcase name="toUser creates a new user based on the request()" classname="br.pucpr.authserver.users.controller.requests.CreateUserRequestTest" time="0.0"/>
  <system-out><![CDATA[]]></system-out>
  <system-err><![CDATA[]]></system-err>
</testsuite>
