<?xml version="1.0" encoding="UTF-8"?>
<testsuite name="br.pucpr.authserver.AuthServerApplicationTests" tests="1" skipped="0" failures="0" errors="0" timestamp="2024-02-21T03:44:03" hostname="Giovannes-Mac-mini-M2.local" time="0.293">
  <properties/>
  <testcase name="contextLoads()" classname="br.pucpr.authserver.AuthServerApplicationTests" time="0.293"/>
  <system-out><![CDATA[00:44:01.042 [Test worker] INFO org.springframework.test.context.support.AnnotationConfigContextLoaderUtils -- Could not detect default configuration classes for test class [br.pucpr.authserver.AuthServerApplicationTests]: AuthServerApplicationTests does not declare any static, non-private, non-final, nested classes annotated with @Configuration.
00:44:01.084 [Test worker] INFO org.springframework.boot.test.context.SpringBootTestContextBootstrapper -- Found @SpringBootConfiguration br.pucpr.authserver.AuthServerApplication for test class br.pucpr.authserver.AuthServerApplicationTests

  .   ____          _            __ _ _
 /\\ / ___'_ __ _ _(_)_ __  __ _ \ \ \ \
( ( )\___ | '_ | '_| | '_ \/ _` | \ \ \ \
 \\/  ___)| |_)| | | | | || (_| |  ) ) ) )
  '  |____| .__|_| |_|_| |_\__, | / / / /
 =========|_|==============|___/=/_/_/_/
 :: Spring Boot ::                (v3.1.2)

2024-02-21T00:44:01.277-03:00  INFO 21944 --- [    Test worker] b.p.a.AuthServerApplicationTests         : Starting AuthServerApplicationTests using Java 20.0.2.1 with PID 21944 (started by bressam in /Users/bressam/Downloads/authserver_01_final)
2024-02-21T00:44:01.278-03:00  INFO 21944 --- [    Test worker] b.p.a.AuthServerApplicationTests         : No active profile set, falling back to 1 default profile: "default"
2024-02-21T00:44:01.622-03:00  INFO 21944 --- [    Test worker] .s.d.r.c.RepositoryConfigurationDelegate : Bootstrapping Spring Data JPA repositories in DEFAULT mode.
2024-02-21T00:44:01.645-03:00  INFO 21944 --- [    Test worker] .s.d.r.c.RepositoryConfigurationDelegate : Finished Spring Data repository scanning in 20 ms. Found 2 JPA repository interfaces.
2024-02-21T00:44:01.816-03:00  INFO 21944 --- [    Test worker] com.zaxxer.hikari.HikariDataSource       : HikariPool-1 - Starting...
2024-02-21T00:44:01.878-03:00  INFO 21944 --- [    Test worker] com.zaxxer.hikari.pool.HikariPool        : HikariPool-1 - Added connection conn0: url=jdbc:h2:mem:87cd51cd-fb7c-4426-8b7c-1de2dc10a643 user=SA
2024-02-21T00:44:01.879-03:00  INFO 21944 --- [    Test worker] com.zaxxer.hikari.HikariDataSource       : HikariPool-1 - Start completed.
2024-02-21T00:44:01.896-03:00  INFO 21944 --- [    Test worker] o.hibernate.jpa.internal.util.LogHelper  : HHH000204: Processing PersistenceUnitInfo [name: default]
2024-02-21T00:44:01.912-03:00  INFO 21944 --- [    Test worker] org.hibernate.Version                    : HHH000412: Hibernate ORM core version 6.2.6.Final
2024-02-21T00:44:01.913-03:00  INFO 21944 --- [    Test worker] org.hibernate.cfg.Environment            : HHH000406: Using bytecode reflection optimizer
2024-02-21T00:44:01.959-03:00  INFO 21944 --- [    Test worker] o.h.b.i.BytecodeProviderInitiator        : HHH000021: Bytecode provider name : bytebuddy
2024-02-21T00:44:02.002-03:00  INFO 21944 --- [    Test worker] o.s.o.j.p.SpringPersistenceUnitInfo      : No LoadTimeWeaver setup: ignoring JPA class transformer
2024-02-21T00:44:02.099-03:00  INFO 21944 --- [    Test worker] o.h.b.i.BytecodeProviderInitiator        : HHH000021: Bytecode provider name : bytebuddy
2024-02-21T00:44:02.419-03:00  INFO 21944 --- [    Test worker] o.h.e.t.j.p.i.JtaPlatformInitiator       : HHH000490: Using JtaPlatform implementation: [org.hibernate.engine.transaction.jta.platform.internal.NoJtaPlatform]
2024-02-21T00:44:02.438-03:00  INFO 21944 --- [    Test worker] j.LocalContainerEntityManagerFactoryBean : Initialized JPA EntityManagerFactory for persistence unit 'default'
2024-02-21T00:44:02.652-03:00  INFO 21944 --- [    Test worker] o.s.d.j.r.query.QueryEnhancerFactory     : Hibernate is in classpath; If applicable, HQL parser will be used.
2024-02-21T00:44:02.884-03:00  WARN 21944 --- [    Test worker] JpaBaseConfiguration$JpaWebConfiguration : spring.jpa.open-in-view is enabled by default. Therefore, database queries may be performed during view rendering. Explicitly configure spring.jpa.open-in-view to disable this warning
2024-02-21T00:44:03.004-03:00  WARN 21944 --- [    Test worker] .s.s.UserDetailsServiceAutoConfiguration : 

Using generated security password: 52658eb8-a02d-421c-a77b-7f4721ab76af

This generated password is for development use only. Your security configuration must be updated before running your application in production.

2024-02-21T00:44:03.047-03:00  INFO 21944 --- [    Test worker] o.s.s.web.DefaultSecurityFilterChain     : Will secure any request with [org.springframework.security.web.session.DisableEncodeUrlFilter@3027fe42, org.springframework.security.web.context.request.async.WebAsyncManagerIntegrationFilter@410185ec, org.springframework.security.web.context.SecurityContextHolderFilter@614427b2, org.springframework.security.web.header.HeaderWriterFilter@2bd24c09, org.springframework.web.filter.CorsFilter@2d481de0, org.springframework.security.web.authentication.logout.LogoutFilter@2b960c2b, br.pucpr.authserver.security.JwtTokenFilter@2e03b52f, org.springframework.security.web.savedrequest.RequestCacheAwareFilter@1d957b5a, org.springframework.security.web.servletapi.SecurityContextHolderAwareRequestFilter@9e7d82e, org.springframework.security.web.authentication.AnonymousAuthenticationFilter@6f3b4c9a, org.springframework.security.web.session.SessionManagementFilter@3e1596c3, org.springframework.security.web.access.ExceptionTranslationFilter@58230224, org.springframework.security.web.access.intercept.AuthorizationFilter@6878cd83]
2024-02-21T00:44:03.278-03:00  INFO 21944 --- [    Test worker] br.pucpr.authserver.Bootstrapper         : ADMIN and USER roles created
2024-02-21T00:44:03.289-03:00  INFO 21944 --- [    Test worker] br.pucpr.authserver.Bootstrapper         : Administrator created
2024-02-21T00:44:03.294-03:00  INFO 21944 --- [    Test worker] b.p.a.AuthServerApplicationTests         : Started AuthServerApplicationTests in 2.161 seconds (process running for 4.482)
]]></system-out>
  <system-err><![CDATA[]]></system-err>
</testsuite>
